2021-01-14 08:03:07
Main :  SEPHIROTH.PROC_STB_GET_FORM   System.IO.FileNotFoundException: The system cannot find the file specified. (Exception from HRESULT: 0x80070002)
   at System.Reflection.RuntimeAssembly.nLoadFile(String path, Evidence evidence)
   at System.Reflection.Assembly.LoadFile(String path)
   at MAIN.Main.addForm(String argDll, String argClass) in D:\Working\See Sharp\Cockpit\MAIN\Main.cs:line 193
2021-01-14 08:03:22
Main-->Show_Form_Call-->Err:   System.NullReferenceException: Object reference not set to an instance of an object.
   at MAIN.Main.showFormCall(String arg_Form_Name) in D:\Working\See Sharp\Cockpit\MAIN\Main.cs:line 304
2021-01-14 08:03:24
Main :  SEPHIROTH.PROC_STB_GET_FORM   System.IO.FileNotFoundException: The system cannot find the file specified. (Exception from HRESULT: 0x80070002)
   at System.Reflection.RuntimeAssembly.nLoadFile(String path, Evidence evidence)
   at System.Reflection.Assembly.LoadFile(String path)
   at MAIN.Main.addForm(String argDll, String argClass) in D:\Working\See Sharp\Cockpit\MAIN\Main.cs:line 193
2021-01-14 08:03:25
Main-->Show_Form_Call-->Err:   System.NullReferenceException: Object reference not set to an instance of an object.
   at MAIN.Main.showFormCall(String arg_Form_Name) in D:\Working\See Sharp\Cockpit\MAIN\Main.cs:line 304
2021-01-14 08:03:59
Main :  SEPHIROTH.PROC_STB_GET_FORM   System.IO.FileNotFoundException: The system cannot find the file specified. (Exception from HRESULT: 0x80070002)
   at System.Reflection.RuntimeAssembly.nLoadFile(String path, Evidence evidence)
   at System.Reflection.Assembly.LoadFile(String path)
   at MAIN.Main.addForm(String argDll, String argClass) in D:\Working\See Sharp\Cockpit\MAIN\Main.cs:line 193
2021-01-14 08:04:35
Main :  SEPHIROTH.PROC_STB_GET_FORM   System.IO.FileNotFoundException: The system cannot find the file specified. (Exception from HRESULT: 0x80070002)
   at System.Reflection.RuntimeAssembly.nLoadFile(String path, Evidence evidence)
   at System.Reflection.Assembly.LoadFile(String path)
   at MAIN.Main.addForm(String argDll, String argClass) in D:\Working\See Sharp\Cockpit\MAIN\Main.cs:line 193
2021-01-14 08:04:37
Main-->Show_Form_Call-->Err:   System.NullReferenceException: Object reference not set to an instance of an object.
   at MAIN.Main.showFormCall(String arg_Form_Name) in D:\Working\See Sharp\Cockpit\MAIN\Main.cs:line 303
2021-01-14 08:52:21
Main :  SEPHIROTH.PROC_STB_GET_FORM   System.IO.FileNotFoundException: The system cannot find the file specified. (Exception from HRESULT: 0x80070002)
   at System.Reflection.RuntimeAssembly.nLoadFile(String path, Evidence evidence)
   at System.Reflection.Assembly.LoadFile(String path)
   at MAIN.Main.addForm(String argDll, String argClass) in D:\Working\See Sharp\Cockpit\MAIN\Main.cs:line 193
2021-01-14 09:50:50
Main :  SEPHIROTH.PROC_STB_GET_FORM   System.IO.FileNotFoundException: The system cannot find the file specified. (Exception from HRESULT: 0x80070002)
   at System.Reflection.RuntimeAssembly.nLoadFile(String path, Evidence evidence)
   at System.Reflection.Assembly.LoadFile(String path)
   at MAIN.Main.addForm(String argDll, String argClass) in D:\Working\See Sharp\Cockpit\MAIN\Main.cs:line 193
2021-01-14 09:50:50
Main-->Show_Form_Call-->Err:   System.NullReferenceException: Object reference not set to an instance of an object.
   at MAIN.Main.showFormCall(String arg_Form_Name) in D:\Working\See Sharp\Cockpit\MAIN\Main.cs:line 303
2021-01-14 09:50:52
Main :  SEPHIROTH.PROC_STB_GET_FORM   System.IO.FileNotFoundException: The system cannot find the file specified. (Exception from HRESULT: 0x80070002)
   at System.Reflection.RuntimeAssembly.nLoadFile(String path, Evidence evidence)
   at System.Reflection.Assembly.LoadFile(String path)
   at MAIN.Main.addForm(String argDll, String argClass) in D:\Working\See Sharp\Cockpit\MAIN\Main.cs:line 193
2021-01-14 09:50:52
Main-->Show_Form_Call-->Err:   System.NullReferenceException: Object reference not set to an instance of an object.
   at MAIN.Main.showFormCall(String arg_Form_Name) in D:\Working\See Sharp\Cockpit\MAIN\Main.cs:line 303
2021-01-14 09:50:54
Main :  SEPHIROTH.PROC_STB_GET_FORM   System.IO.FileNotFoundException: The system cannot find the file specified. (Exception from HRESULT: 0x80070002)
   at System.Reflection.RuntimeAssembly.nLoadFile(String path, Evidence evidence)
   at System.Reflection.Assembly.LoadFile(String path)
   at MAIN.Main.addForm(String argDll, String argClass) in D:\Working\See Sharp\Cockpit\MAIN\Main.cs:line 193
2021-01-14 09:50:54
Main-->Show_Form_Call-->Err:   System.NullReferenceException: Object reference not set to an instance of an object.
   at MAIN.Main.showFormCall(String arg_Form_Name) in D:\Working\See Sharp\Cockpit\MAIN\Main.cs:line 303
2021-01-14 09:50:55
Main :  SEPHIROTH.PROC_STB_GET_FORM   System.IO.FileNotFoundException: The system cannot find the file specified. (Exception from HRESULT: 0x80070002)
   at System.Reflection.RuntimeAssembly.nLoadFile(String path, Evidence evidence)
   at System.Reflection.Assembly.LoadFile(String path)
   at MAIN.Main.addForm(String argDll, String argClass) in D:\Working\See Sharp\Cockpit\MAIN\Main.cs:line 193
2021-01-14 09:50:55
Main-->Show_Form_Call-->Err:   System.NullReferenceException: Object reference not set to an instance of an object.
   at MAIN.Main.showFormCall(String arg_Form_Name) in D:\Working\See Sharp\Cockpit\MAIN\Main.cs:line 303
2021-01-14 09:50:55
Main :  SEPHIROTH.PROC_STB_GET_FORM   System.IO.FileNotFoundException: The system cannot find the file specified. (Exception from HRESULT: 0x80070002)
   at System.Reflection.RuntimeAssembly.nLoadFile(String path, Evidence evidence)
   at System.Reflection.Assembly.LoadFile(String path)
   at MAIN.Main.addForm(String argDll, String argClass) in D:\Working\See Sharp\Cockpit\MAIN\Main.cs:line 193
2021-01-14 09:50:55
Main-->Show_Form_Call-->Err:   System.NullReferenceException: Object reference not set to an instance of an object.
   at MAIN.Main.showFormCall(String arg_Form_Name) in D:\Working\See Sharp\Cockpit\MAIN\Main.cs:line 303
2021-01-14 09:50:55
Main :  SEPHIROTH.PROC_STB_GET_FORM   System.IO.FileNotFoundException: The system cannot find the file specified. (Exception from HRESULT: 0x80070002)
   at System.Reflection.RuntimeAssembly.nLoadFile(String path, Evidence evidence)
   at System.Reflection.Assembly.LoadFile(String path)
   at MAIN.Main.addForm(String argDll, String argClass) in D:\Working\See Sharp\Cockpit\MAIN\Main.cs:line 193
2021-01-14 09:50:55
Main-->Show_Form_Call-->Err:   System.NullReferenceException: Object reference not set to an instance of an object.
   at MAIN.Main.showFormCall(String arg_Form_Name) in D:\Working\See Sharp\Cockpit\MAIN\Main.cs:line 303
2021-01-14 09:50:56
Main :  SEPHIROTH.PROC_STB_GET_FORM   System.IO.FileNotFoundException: The system cannot find the file specified. (Exception from HRESULT: 0x80070002)
   at System.Reflection.RuntimeAssembly.nLoadFile(String path, Evidence evidence)
   at System.Reflection.Assembly.LoadFile(String path)
   at MAIN.Main.addForm(String argDll, String argClass) in D:\Working\See Sharp\Cockpit\MAIN\Main.cs:line 193
2021-01-14 09:50:56
Main-->Show_Form_Call-->Err:   System.NullReferenceException: Object reference not set to an instance of an object.
   at MAIN.Main.showFormCall(String arg_Form_Name) in D:\Working\See Sharp\Cockpit\MAIN\Main.cs:line 303
2021-01-14 09:50:56
Main :  SEPHIROTH.PROC_STB_GET_FORM   System.IO.FileNotFoundException: The system cannot find the file specified. (Exception from HRESULT: 0x80070002)
   at System.Reflection.RuntimeAssembly.nLoadFile(String path, Evidence evidence)
   at System.Reflection.Assembly.LoadFile(String path)
   at MAIN.Main.addForm(String argDll, String argClass) in D:\Working\See Sharp\Cockpit\MAIN\Main.cs:line 193
2021-01-14 09:50:56
Main-->Show_Form_Call-->Err:   System.NullReferenceException: Object reference not set to an instance of an object.
   at MAIN.Main.showFormCall(String arg_Form_Name) in D:\Working\See Sharp\Cockpit\MAIN\Main.cs:line 303
2021-01-14 09:50:56
Main :  SEPHIROTH.PROC_STB_GET_FORM   System.IO.FileNotFoundException: The system cannot find the file specified. (Exception from HRESULT: 0x80070002)
   at System.Reflection.RuntimeAssembly.nLoadFile(String path, Evidence evidence)
   at System.Reflection.Assembly.LoadFile(String path)
   at MAIN.Main.addForm(String argDll, String argClass) in D:\Working\See Sharp\Cockpit\MAIN\Main.cs:line 193
2021-01-14 09:50:56
Main-->Show_Form_Call-->Err:   System.NullReferenceException: Object reference not set to an instance of an object.
   at MAIN.Main.showFormCall(String arg_Form_Name) in D:\Working\See Sharp\Cockpit\MAIN\Main.cs:line 303
2021-01-14 09:50:56
Main :  SEPHIROTH.PROC_STB_GET_FORM   System.IO.FileNotFoundException: The system cannot find the file specified. (Exception from HRESULT: 0x80070002)
   at System.Reflection.RuntimeAssembly.nLoadFile(String path, Evidence evidence)
   at System.Reflection.Assembly.LoadFile(String path)
   at MAIN.Main.addForm(String argDll, String argClass) in D:\Working\See Sharp\Cockpit\MAIN\Main.cs:line 193
2021-01-14 09:50:56
Main-->Show_Form_Call-->Err:   System.NullReferenceException: Object reference not set to an instance of an object.
   at MAIN.Main.showFormCall(String arg_Form_Name) in D:\Working\See Sharp\Cockpit\MAIN\Main.cs:line 303
2021-01-14 09:50:56
Main :  SEPHIROTH.PROC_STB_GET_FORM   System.IO.FileNotFoundException: The system cannot find the file specified. (Exception from HRESULT: 0x80070002)
   at System.Reflection.RuntimeAssembly.nLoadFile(String path, Evidence evidence)
   at System.Reflection.Assembly.LoadFile(String path)
   at MAIN.Main.addForm(String argDll, String argClass) in D:\Working\See Sharp\Cockpit\MAIN\Main.cs:line 193
2021-01-14 09:50:56
Main-->Show_Form_Call-->Err:   System.NullReferenceException: Object reference not set to an instance of an object.
   at MAIN.Main.showFormCall(String arg_Form_Name) in D:\Working\See Sharp\Cockpit\MAIN\Main.cs:line 303
2021-01-14 09:51:13
Main :  SEPHIROTH.PROC_STB_GET_FORM   System.IO.FileNotFoundException: The system cannot find the file specified. (Exception from HRESULT: 0x80070002)
   at System.Reflection.RuntimeAssembly.nLoadFile(String path, Evidence evidence)
   at System.Reflection.Assembly.LoadFile(String path)
   at MAIN.Main.addForm(String argDll, String argClass) in D:\Working\See Sharp\Cockpit\MAIN\Main.cs:line 193
2021-01-14 09:51:13
Main-->Show_Form_Call-->Err:   System.NullReferenceException: Object reference not set to an instance of an object.
   at MAIN.Main.showFormCall(String arg_Form_Name) in D:\Working\See Sharp\Cockpit\MAIN\Main.cs:line 303
2021-01-14 09:51:14
Main :  SEPHIROTH.PROC_STB_GET_FORM   System.IO.FileNotFoundException: The system cannot find the file specified. (Exception from HRESULT: 0x80070002)
   at System.Reflection.RuntimeAssembly.nLoadFile(String path, Evidence evidence)
   at System.Reflection.Assembly.LoadFile(String path)
   at MAIN.Main.addForm(String argDll, String argClass) in D:\Working\See Sharp\Cockpit\MAIN\Main.cs:line 193
2021-01-14 09:51:14
Main-->Show_Form_Call-->Err:   System.NullReferenceException: Object reference not set to an instance of an object.
   at MAIN.Main.showFormCall(String arg_Form_Name) in D:\Working\See Sharp\Cockpit\MAIN\Main.cs:line 303
2021-01-14 09:51:14
Main :  SEPHIROTH.PROC_STB_GET_FORM   System.IO.FileNotFoundException: The system cannot find the file specified. (Exception from HRESULT: 0x80070002)
   at System.Reflection.RuntimeAssembly.nLoadFile(String path, Evidence evidence)
   at System.Reflection.Assembly.LoadFile(String path)
   at MAIN.Main.addForm(String argDll, String argClass) in D:\Working\See Sharp\Cockpit\MAIN\Main.cs:line 193
2021-01-14 09:51:14
Main-->Show_Form_Call-->Err:   System.NullReferenceException: Object reference not set to an instance of an object.
   at MAIN.Main.showFormCall(String arg_Form_Name) in D:\Working\See Sharp\Cockpit\MAIN\Main.cs:line 303
2021-01-14 09:51:14
Main :  SEPHIROTH.PROC_STB_GET_FORM   System.IO.FileNotFoundException: The system cannot find the file specified. (Exception from HRESULT: 0x80070002)
   at System.Reflection.RuntimeAssembly.nLoadFile(String path, Evidence evidence)
   at System.Reflection.Assembly.LoadFile(String path)
   at MAIN.Main.addForm(String argDll, String argClass) in D:\Working\See Sharp\Cockpit\MAIN\Main.cs:line 193
2021-01-14 09:51:14
Main-->Show_Form_Call-->Err:   System.NullReferenceException: Object reference not set to an instance of an object.
   at MAIN.Main.showFormCall(String arg_Form_Name) in D:\Working\See Sharp\Cockpit\MAIN\Main.cs:line 303
2021-01-14 09:51:14
Main :  SEPHIROTH.PROC_STB_GET_FORM   System.IO.FileNotFoundException: The system cannot find the file specified. (Exception from HRESULT: 0x80070002)
   at System.Reflection.RuntimeAssembly.nLoadFile(String path, Evidence evidence)
   at System.Reflection.Assembly.LoadFile(String path)
   at MAIN.Main.addForm(String argDll, String argClass) in D:\Working\See Sharp\Cockpit\MAIN\Main.cs:line 193
2021-01-14 09:51:14
Main-->Show_Form_Call-->Err:   System.NullReferenceException: Object reference not set to an instance of an object.
   at MAIN.Main.showFormCall(String arg_Form_Name) in D:\Working\See Sharp\Cockpit\MAIN\Main.cs:line 303
2021-01-14 09:51:14
Main :  SEPHIROTH.PROC_STB_GET_FORM   System.IO.FileNotFoundException: The system cannot find the file specified. (Exception from HRESULT: 0x80070002)
   at System.Reflection.RuntimeAssembly.nLoadFile(String path, Evidence evidence)
   at System.Reflection.Assembly.LoadFile(String path)
   at MAIN.Main.addForm(String argDll, String argClass) in D:\Working\See Sharp\Cockpit\MAIN\Main.cs:line 193
2021-01-14 09:51:14
Main-->Show_Form_Call-->Err:   System.NullReferenceException: Object reference not set to an instance of an object.
   at MAIN.Main.showFormCall(String arg_Form_Name) in D:\Working\See Sharp\Cockpit\MAIN\Main.cs:line 303
2021-01-14 09:51:15
Main :  SEPHIROTH.PROC_STB_GET_FORM   System.IO.FileNotFoundException: The system cannot find the file specified. (Exception from HRESULT: 0x80070002)
   at System.Reflection.RuntimeAssembly.nLoadFile(String path, Evidence evidence)
   at System.Reflection.Assembly.LoadFile(String path)
   at MAIN.Main.addForm(String argDll, String argClass) in D:\Working\See Sharp\Cockpit\MAIN\Main.cs:line 193
2021-01-14 09:51:15
Main-->Show_Form_Call-->Err:   System.NullReferenceException: Object reference not set to an instance of an object.
   at MAIN.Main.showFormCall(String arg_Form_Name) in D:\Working\See Sharp\Cockpit\MAIN\Main.cs:line 303
2021-01-14 09:51:15
Main :  SEPHIROTH.PROC_STB_GET_FORM   System.IO.FileNotFoundException: The system cannot find the file specified. (Exception from HRESULT: 0x80070002)
   at System.Reflection.RuntimeAssembly.nLoadFile(String path, Evidence evidence)
   at System.Reflection.Assembly.LoadFile(String path)
   at MAIN.Main.addForm(String argDll, String argClass) in D:\Working\See Sharp\Cockpit\MAIN\Main.cs:line 193
2021-01-14 09:51:15
Main-->Show_Form_Call-->Err:   System.NullReferenceException: Object reference not set to an instance of an object.
   at MAIN.Main.showFormCall(String arg_Form_Name) in D:\Working\See Sharp\Cockpit\MAIN\Main.cs:line 303
2021-01-14 09:51:15
Main :  SEPHIROTH.PROC_STB_GET_FORM   System.IO.FileNotFoundException: The system cannot find the file specified. (Exception from HRESULT: 0x80070002)
   at System.Reflection.RuntimeAssembly.nLoadFile(String path, Evidence evidence)
   at System.Reflection.Assembly.LoadFile(String path)
   at MAIN.Main.addForm(String argDll, String argClass) in D:\Working\See Sharp\Cockpit\MAIN\Main.cs:line 193
2021-01-14 09:51:15
Main-->Show_Form_Call-->Err:   System.NullReferenceException: Object reference not set to an instance of an object.
   at MAIN.Main.showFormCall(String arg_Form_Name) in D:\Working\See Sharp\Cockpit\MAIN\Main.cs:line 303
2021-01-14 09:51:15
Main :  SEPHIROTH.PROC_STB_GET_FORM   System.IO.FileNotFoundException: The system cannot find the file specified. (Exception from HRESULT: 0x80070002)
   at System.Reflection.RuntimeAssembly.nLoadFile(String path, Evidence evidence)
   at System.Reflection.Assembly.LoadFile(String path)
   at MAIN.Main.addForm(String argDll, String argClass) in D:\Working\See Sharp\Cockpit\MAIN\Main.cs:line 193
2021-01-14 09:51:15
Main-->Show_Form_Call-->Err:   System.NullReferenceException: Object reference not set to an instance of an object.
   at MAIN.Main.showFormCall(String arg_Form_Name) in D:\Working\See Sharp\Cockpit\MAIN\Main.cs:line 303
2021-01-14 09:51:15
Main :  SEPHIROTH.PROC_STB_GET_FORM   System.IO.FileNotFoundException: The system cannot find the file specified. (Exception from HRESULT: 0x80070002)
   at System.Reflection.RuntimeAssembly.nLoadFile(String path, Evidence evidence)
   at System.Reflection.Assembly.LoadFile(String path)
   at MAIN.Main.addForm(String argDll, String argClass) in D:\Working\See Sharp\Cockpit\MAIN\Main.cs:line 193
2021-01-14 09:51:15
Main-->Show_Form_Call-->Err:   System.NullReferenceException: Object reference not set to an instance of an object.
   at MAIN.Main.showFormCall(String arg_Form_Name) in D:\Working\See Sharp\Cockpit\MAIN\Main.cs:line 303
2021-01-14 09:51:16
Main :  SEPHIROTH.PROC_STB_GET_FORM   System.IO.FileNotFoundException: The system cannot find the file specified. (Exception from HRESULT: 0x80070002)
   at System.Reflection.RuntimeAssembly.nLoadFile(String path, Evidence evidence)
   at System.Reflection.Assembly.LoadFile(String path)
   at MAIN.Main.addForm(String argDll, String argClass) in D:\Working\See Sharp\Cockpit\MAIN\Main.cs:line 193
2021-01-14 09:51:16
Main-->Show_Form_Call-->Err:   System.NullReferenceException: Object reference not set to an instance of an object.
   at MAIN.Main.showFormCall(String arg_Form_Name) in D:\Working\See Sharp\Cockpit\MAIN\Main.cs:line 303
2021-01-14 09:51:16
Main :  SEPHIROTH.PROC_STB_GET_FORM   System.IO.FileNotFoundException: The system cannot find the file specified. (Exception from HRESULT: 0x80070002)
   at System.Reflection.RuntimeAssembly.nLoadFile(String path, Evidence evidence)
   at System.Reflection.Assembly.LoadFile(String path)
   at MAIN.Main.addForm(String argDll, String argClass) in D:\Working\See Sharp\Cockpit\MAIN\Main.cs:line 193
2021-01-14 09:51:16
Main-->Show_Form_Call-->Err:   System.NullReferenceException: Object reference not set to an instance of an object.
   at MAIN.Main.showFormCall(String arg_Form_Name) in D:\Working\See Sharp\Cockpit\MAIN\Main.cs:line 303
2021-01-14 09:51:16
Main :  SEPHIROTH.PROC_STB_GET_FORM   System.IO.FileNotFoundException: The system cannot find the file specified. (Exception from HRESULT: 0x80070002)
   at System.Reflection.RuntimeAssembly.nLoadFile(String path, Evidence evidence)
   at System.Reflection.Assembly.LoadFile(String path)
   at MAIN.Main.addForm(String argDll, String argClass) in D:\Working\See Sharp\Cockpit\MAIN\Main.cs:line 193
2021-01-14 09:51:16
Main-->Show_Form_Call-->Err:   System.NullReferenceException: Object reference not set to an instance of an object.
   at MAIN.Main.showFormCall(String arg_Form_Name) in D:\Working\See Sharp\Cockpit\MAIN\Main.cs:line 303
2021-01-14 09:51:17
Main :  SEPHIROTH.PROC_STB_GET_FORM   System.IO.FileNotFoundException: The system cannot find the file specified. (Exception from HRESULT: 0x80070002)
   at System.Reflection.RuntimeAssembly.nLoadFile(String path, Evidence evidence)
   at System.Reflection.Assembly.LoadFile(String path)
   at MAIN.Main.addForm(String argDll, String argClass) in D:\Working\See Sharp\Cockpit\MAIN\Main.cs:line 193
2021-01-14 09:51:17
Main-->Show_Form_Call-->Err:   System.NullReferenceException: Object reference not set to an instance of an object.
   at MAIN.Main.showFormCall(String arg_Form_Name) in D:\Working\See Sharp\Cockpit\MAIN\Main.cs:line 303
2021-01-14 09:51:17
Main :  SEPHIROTH.PROC_STB_GET_FORM   System.IO.FileNotFoundException: The system cannot find the file specified. (Exception from HRESULT: 0x80070002)
   at System.Reflection.RuntimeAssembly.nLoadFile(String path, Evidence evidence)
   at System.Reflection.Assembly.LoadFile(String path)
   at MAIN.Main.addForm(String argDll, String argClass) in D:\Working\See Sharp\Cockpit\MAIN\Main.cs:line 193
2021-01-14 09:51:17
Main-->Show_Form_Call-->Err:   System.NullReferenceException: Object reference not set to an instance of an object.
   at MAIN.Main.showFormCall(String arg_Form_Name) in D:\Working\See Sharp\Cockpit\MAIN\Main.cs:line 303
2021-01-14 09:51:17
Main :  SEPHIROTH.PROC_STB_GET_FORM   System.IO.FileNotFoundException: The system cannot find the file specified. (Exception from HRESULT: 0x80070002)
   at System.Reflection.RuntimeAssembly.nLoadFile(String path, Evidence evidence)
   at System.Reflection.Assembly.LoadFile(String path)
   at MAIN.Main.addForm(String argDll, String argClass) in D:\Working\See Sharp\Cockpit\MAIN\Main.cs:line 193
2021-01-14 09:51:17
Main-->Show_Form_Call-->Err:   System.NullReferenceException: Object reference not set to an instance of an object.
   at MAIN.Main.showFormCall(String arg_Form_Name) in D:\Working\See Sharp\Cockpit\MAIN\Main.cs:line 303
2021-01-14 09:51:17
Main :  SEPHIROTH.PROC_STB_GET_FORM   System.IO.FileNotFoundException: The system cannot find the file specified. (Exception from HRESULT: 0x80070002)
   at System.Reflection.RuntimeAssembly.nLoadFile(String path, Evidence evidence)
   at System.Reflection.Assembly.LoadFile(String path)
   at MAIN.Main.addForm(String argDll, String argClass) in D:\Working\See Sharp\Cockpit\MAIN\Main.cs:line 193
2021-01-14 09:51:17
Main-->Show_Form_Call-->Err:   System.NullReferenceException: Object reference not set to an instance of an object.
   at MAIN.Main.showFormCall(String arg_Form_Name) in D:\Working\See Sharp\Cockpit\MAIN\Main.cs:line 303
2021-01-14 09:51:39
Main :  SEPHIROTH.PROC_STB_GET_FORM   System.IO.FileNotFoundException: The system cannot find the file specified. (Exception from HRESULT: 0x80070002)
   at System.Reflection.RuntimeAssembly.nLoadFile(String path, Evidence evidence)
   at System.Reflection.Assembly.LoadFile(String path)
   at MAIN.Main.addForm(String argDll, String argClass) in D:\Working\See Sharp\Cockpit\MAIN\Main.cs:line 193
2021-01-14 09:51:39
Main-->Show_Form_Call-->Err:   System.NullReferenceException: Object reference not set to an instance of an object.
   at MAIN.Main.showFormCall(String arg_Form_Name) in D:\Working\See Sharp\Cockpit\MAIN\Main.cs:line 303
2021-01-14 09:51:40
Main :  SEPHIROTH.PROC_STB_GET_FORM   System.IO.FileNotFoundException: The system cannot find the file specified. (Exception from HRESULT: 0x80070002)
   at System.Reflection.RuntimeAssembly.nLoadFile(String path, Evidence evidence)
   at System.Reflection.Assembly.LoadFile(String path)
   at MAIN.Main.addForm(String argDll, String argClass) in D:\Working\See Sharp\Cockpit\MAIN\Main.cs:line 193
2021-01-14 09:51:40
Main-->Show_Form_Call-->Err:   System.NullReferenceException: Object reference not set to an instance of an object.
   at MAIN.Main.showFormCall(String arg_Form_Name) in D:\Working\See Sharp\Cockpit\MAIN\Main.cs:line 303
2021-01-14 09:51:40
Main :  SEPHIROTH.PROC_STB_GET_FORM   System.IO.FileNotFoundException: The system cannot find the file specified. (Exception from HRESULT: 0x80070002)
   at System.Reflection.RuntimeAssembly.nLoadFile(String path, Evidence evidence)
   at System.Reflection.Assembly.LoadFile(String path)
   at MAIN.Main.addForm(String argDll, String argClass) in D:\Working\See Sharp\Cockpit\MAIN\Main.cs:line 193
2021-01-14 09:51:40
Main-->Show_Form_Call-->Err:   System.NullReferenceException: Object reference not set to an instance of an object.
   at MAIN.Main.showFormCall(String arg_Form_Name) in D:\Working\See Sharp\Cockpit\MAIN\Main.cs:line 303
2021-01-14 09:51:41
Main :  SEPHIROTH.PROC_STB_GET_FORM   System.IO.FileNotFoundException: The system cannot find the file specified. (Exception from HRESULT: 0x80070002)
   at System.Reflection.RuntimeAssembly.nLoadFile(String path, Evidence evidence)
   at System.Reflection.Assembly.LoadFile(String path)
   at MAIN.Main.addForm(String argDll, String argClass) in D:\Working\See Sharp\Cockpit\MAIN\Main.cs:line 193
2021-01-14 09:51:41
Main-->Show_Form_Call-->Err:   System.NullReferenceException: Object reference not set to an instance of an object.
   at MAIN.Main.showFormCall(String arg_Form_Name) in D:\Working\See Sharp\Cockpit\MAIN\Main.cs:line 303
2021-01-14 09:51:41
Main :  SEPHIROTH.PROC_STB_GET_FORM   System.IO.FileNotFoundException: The system cannot find the file specified. (Exception from HRESULT: 0x80070002)
   at System.Reflection.RuntimeAssembly.nLoadFile(String path, Evidence evidence)
   at System.Reflection.Assembly.LoadFile(String path)
   at MAIN.Main.addForm(String argDll, String argClass) in D:\Working\See Sharp\Cockpit\MAIN\Main.cs:line 193
2021-01-14 09:51:41
Main-->Show_Form_Call-->Err:   System.NullReferenceException: Object reference not set to an instance of an object.
   at MAIN.Main.showFormCall(String arg_Form_Name) in D:\Working\See Sharp\Cockpit\MAIN\Main.cs:line 303
2021-01-14 09:51:41
Main :  SEPHIROTH.PROC_STB_GET_FORM   System.IO.FileNotFoundException: The system cannot find the file specified. (Exception from HRESULT: 0x80070002)
   at System.Reflection.RuntimeAssembly.nLoadFile(String path, Evidence evidence)
   at System.Reflection.Assembly.LoadFile(String path)
   at MAIN.Main.addForm(String argDll, String argClass) in D:\Working\See Sharp\Cockpit\MAIN\Main.cs:line 193
2021-01-14 09:51:41
Main-->Show_Form_Call-->Err:   System.NullReferenceException: Object reference not set to an instance of an object.
   at MAIN.Main.showFormCall(String arg_Form_Name) in D:\Working\See Sharp\Cockpit\MAIN\Main.cs:line 303
2021-01-14 09:51:44
Main :  SEPHIROTH.PROC_STB_GET_FORM   System.IO.FileNotFoundException: The system cannot find the file specified. (Exception from HRESULT: 0x80070002)
   at System.Reflection.RuntimeAssembly.nLoadFile(String path, Evidence evidence)
   at System.Reflection.Assembly.LoadFile(String path)
   at MAIN.Main.addForm(String argDll, String argClass) in D:\Working\See Sharp\Cockpit\MAIN\Main.cs:line 193
2021-01-14 09:51:44
Main-->Show_Form_Call-->Err:   System.NullReferenceException: Object reference not set to an instance of an object.
   at MAIN.Main.showFormCall(String arg_Form_Name) in D:\Working\See Sharp\Cockpit\MAIN\Main.cs:line 303
2021-01-14 09:51:47
Main :  SEPHIROTH.PROC_STB_GET_FORM   System.IO.FileNotFoundException: The system cannot find the file specified. (Exception from HRESULT: 0x80070002)
   at System.Reflection.RuntimeAssembly.nLoadFile(String path, Evidence evidence)
   at System.Reflection.Assembly.LoadFile(String path)
   at MAIN.Main.addForm(String argDll, String argClass) in D:\Working\See Sharp\Cockpit\MAIN\Main.cs:line 193
2021-01-14 09:51:47
Main-->Show_Form_Call-->Err:   System.NullReferenceException: Object reference not set to an instance of an object.
   at MAIN.Main.showFormCall(String arg_Form_Name) in D:\Working\See Sharp\Cockpit\MAIN\Main.cs:line 303
2021-01-14 09:51:47
Main :  SEPHIROTH.PROC_STB_GET_FORM   System.IO.FileNotFoundException: The system cannot find the file specified. (Exception from HRESULT: 0x80070002)
   at System.Reflection.RuntimeAssembly.nLoadFile(String path, Evidence evidence)
   at System.Reflection.Assembly.LoadFile(String path)
   at MAIN.Main.addForm(String argDll, String argClass) in D:\Working\See Sharp\Cockpit\MAIN\Main.cs:line 193
2021-01-14 09:51:47
Main-->Show_Form_Call-->Err:   System.NullReferenceException: Object reference not set to an instance of an object.
   at MAIN.Main.showFormCall(String arg_Form_Name) in D:\Working\See Sharp\Cockpit\MAIN\Main.cs:line 303
2021-01-14 09:51:47
Main :  SEPHIROTH.PROC_STB_GET_FORM   System.IO.FileNotFoundException: The system cannot find the file specified. (Exception from HRESULT: 0x80070002)
   at System.Reflection.RuntimeAssembly.nLoadFile(String path, Evidence evidence)
   at System.Reflection.Assembly.LoadFile(String path)
   at MAIN.Main.addForm(String argDll, String argClass) in D:\Working\See Sharp\Cockpit\MAIN\Main.cs:line 193
2021-01-14 09:51:47
Main-->Show_Form_Call-->Err:   System.NullReferenceException: Object reference not set to an instance of an object.
   at MAIN.Main.showFormCall(String arg_Form_Name) in D:\Working\See Sharp\Cockpit\MAIN\Main.cs:line 303
2021-01-14 09:51:48
Main :  SEPHIROTH.PROC_STB_GET_FORM   System.IO.FileNotFoundException: The system cannot find the file specified. (Exception from HRESULT: 0x80070002)
   at System.Reflection.RuntimeAssembly.nLoadFile(String path, Evidence evidence)
   at System.Reflection.Assembly.LoadFile(String path)
   at MAIN.Main.addForm(String argDll, String argClass) in D:\Working\See Sharp\Cockpit\MAIN\Main.cs:line 193
2021-01-14 09:51:48
Main-->Show_Form_Call-->Err:   System.NullReferenceException: Object reference not set to an instance of an object.
   at MAIN.Main.showFormCall(String arg_Form_Name) in D:\Working\See Sharp\Cockpit\MAIN\Main.cs:line 303
2021-01-14 09:51:48
Main :  SEPHIROTH.PROC_STB_GET_FORM   System.IO.FileNotFoundException: The system cannot find the file specified. (Exception from HRESULT: 0x80070002)
   at System.Reflection.RuntimeAssembly.nLoadFile(String path, Evidence evidence)
   at System.Reflection.Assembly.LoadFile(String path)
   at MAIN.Main.addForm(String argDll, String argClass) in D:\Working\See Sharp\Cockpit\MAIN\Main.cs:line 193
2021-01-14 09:51:48
Main-->Show_Form_Call-->Err:   System.NullReferenceException: Object reference not set to an instance of an object.
   at MAIN.Main.showFormCall(String arg_Form_Name) in D:\Working\See Sharp\Cockpit\MAIN\Main.cs:line 303
2021-01-14 09:51:48
Main :  SEPHIROTH.PROC_STB_GET_FORM   System.IO.FileNotFoundException: The system cannot find the file specified. (Exception from HRESULT: 0x80070002)
   at System.Reflection.RuntimeAssembly.nLoadFile(String path, Evidence evidence)
   at System.Reflection.Assembly.LoadFile(String path)
   at MAIN.Main.addForm(String argDll, String argClass) in D:\Working\See Sharp\Cockpit\MAIN\Main.cs:line 193
2021-01-14 09:51:48
Main-->Show_Form_Call-->Err:   System.NullReferenceException: Object reference not set to an instance of an object.
   at MAIN.Main.showFormCall(String arg_Form_Name) in D:\Working\See Sharp\Cockpit\MAIN\Main.cs:line 303
2021-01-14 09:51:48
Main :  SEPHIROTH.PROC_STB_GET_FORM   System.IO.FileNotFoundException: The system cannot find the file specified. (Exception from HRESULT: 0x80070002)
   at System.Reflection.RuntimeAssembly.nLoadFile(String path, Evidence evidence)
   at System.Reflection.Assembly.LoadFile(String path)
   at MAIN.Main.addForm(String argDll, String argClass) in D:\Working\See Sharp\Cockpit\MAIN\Main.cs:line 193
2021-01-14 09:51:48
Main-->Show_Form_Call-->Err:   System.NullReferenceException: Object reference not set to an instance of an object.
   at MAIN.Main.showFormCall(String arg_Form_Name) in D:\Working\See Sharp\Cockpit\MAIN\Main.cs:line 303
2021-01-14 13:22:57
Main :  SEPHIROTH.PROC_STB_GET_FORM   System.IO.FileNotFoundException: The system cannot find the file specified. (Exception from HRESULT: 0x80070002)
   at System.Reflection.RuntimeAssembly.nLoadFile(String path, Evidence evidence)
   at System.Reflection.Assembly.LoadFile(String path)
   at MAIN.Main.addForm(String argDll, String argClass) in D:\Working\See Sharp\Cockpit\MAIN\Main.cs:line 193
2021-01-14 13:23:01
Main-->Show_Form_Call-->Err:   System.NullReferenceException: Object reference not set to an instance of an object.
   at MAIN.Main.showFormCall(String arg_Form_Name) in D:\Working\See Sharp\Cockpit\MAIN\Main.cs:line 303
